
> retail-store-backend@0.0.1 start:dev
> nest start --watch

[2J[3J[H[[90m2:38:41 AM[0m] Starting compilation in watch mode...

[[90m2:39:48 AM[0m] Found 0 errors. Watching for file changes.

node:internal/modules/cjs/loader:1247
  throw err;
  ^

Error: Cannot find module '../generated/master-client'
Require stack:
- C:\Users\hp\Desktop\RetailStore\backend\dist\src\prisma\master-prisma.service.js
- C:\Users\hp\Desktop\RetailStore\backend\dist\src\prisma\prisma.module.js
- C:\Users\hp\Desktop\RetailStore\backend\dist\src\app.module.js
- C:\Users\hp\Desktop\RetailStore\backend\dist\src\main.js
    at Function._resolveFilename (node:internal/modules/cjs/loader:1244:15)
    at Function._load (node:internal/modules/cjs/loader:1070:27)
    at TracingChannel.traceSync (node:diagnostics_channel:322:14)
    at wrapModuleLoad (node:internal/modules/cjs/loader:217:24)
    at Module.require (node:internal/modules/cjs/loader:1335:12)
    at require (node:internal/modules/helpers:136:16)
    at Object.<anonymous> (C:\Users\hp\Desktop\RetailStore\backend\src\prisma\master-prisma.service.ts:2:1)
    at Module._compile (node:internal/modules/cjs/loader:1562:14)
    at Object..js (node:internal/modules/cjs/loader:1699:10)
    at Module.load (node:internal/modules/cjs/loader:1313:32) {
  code: 'MODULE_NOT_FOUND',
  requireStack: [
    'C:\\Users\\hp\\Desktop\\RetailStore\\backend\\dist\\src\\prisma\\master-prisma.service.js',
    'C:\\Users\\hp\\Desktop\\RetailStore\\backend\\dist\\src\\prisma\\prisma.module.js',
    'C:\\Users\\hp\\Desktop\\RetailStore\\backend\\dist\\src\\app.module.js',
    'C:\\Users\\hp\\Desktop\\RetailStore\\backend\\dist\\src\\main.js'
  ]
}

Node.js v22.13.1
[2J[3J[H[[90m2:45:07 AM[0m] File change detected. Starting incremental compilation...

[[90m2:45:20 AM[0m] Found 0 errors. Watching for file changes.

node:internal/modules/cjs/loader:1247
  throw err;
  ^

Error: Cannot find module '../generated/master-client'
Require stack:
- C:\Users\hp\Desktop\RetailStore\backend\dist\src\prisma\master-prisma.service.js
- C:\Users\hp\Desktop\RetailStore\backend\dist\src\prisma\prisma.module.js
- C:\Users\hp\Desktop\RetailStore\backend\dist\src\app.module.js
- C:\Users\hp\Desktop\RetailStore\backend\dist\src\main.js
    at Function._resolveFilename (node:internal/modules/cjs/loader:1244:15)
    at Function._load (node:internal/modules/cjs/loader:1070:27)
    at TracingChannel.traceSync (node:diagnostics_channel:322:14)
    at wrapModuleLoad (node:internal/modules/cjs/loader:217:24)
    at Module.require (node:internal/modules/cjs/loader:1335:12)
    at require (node:internal/modules/helpers:136:16)
    at Object.<anonymous> (C:\Users\hp\Desktop\RetailStore\backend\src\prisma\master-prisma.service.ts:2:1)
    at Module._compile (node:internal/modules/cjs/loader:1562:14)
    at Object..js (node:internal/modules/cjs/loader:1699:10)
    at Module.load (node:internal/modules/cjs/loader:1313:32) {
  code: 'MODULE_NOT_FOUND',
  requireStack: [
    'C:\\Users\\hp\\Desktop\\RetailStore\\backend\\dist\\src\\prisma\\master-prisma.service.js',
    'C:\\Users\\hp\\Desktop\\RetailStore\\backend\\dist\\src\\prisma\\prisma.module.js',
    'C:\\Users\\hp\\Desktop\\RetailStore\\backend\\dist\\src\\app.module.js',
    'C:\\Users\\hp\\Desktop\\RetailStore\\backend\\dist\\src\\main.js'
  ]
}

Node.js v22.13.1
[2J[3J[H[[90m2:47:53 AM[0m] File change detected. Starting incremental compilation...

[[90m2:47:59 AM[0m] Found 0 errors. Watching for file changes.

node:internal/modules/cjs/loader:1247
  throw err;
  ^

Error: Cannot find module '../generated/master-client'
Require stack:
- C:\Users\hp\Desktop\RetailStore\backend\dist\src\prisma\master-prisma.service.js
- C:\Users\hp\Desktop\RetailStore\backend\dist\src\prisma\prisma.module.js
- C:\Users\hp\Desktop\RetailStore\backend\dist\src\app.module.js
- C:\Users\hp\Desktop\RetailStore\backend\dist\src\main.js
    at Function._resolveFilename (node:internal/modules/cjs/loader:1244:15)
    at Function._load (node:internal/modules/cjs/loader:1070:27)
    at TracingChannel.traceSync (node:diagnostics_channel:322:14)
    at wrapModuleLoad (node:internal/modules/cjs/loader:217:24)
    at Module.require (node:internal/modules/cjs/loader:1335:12)
    at require (node:internal/modules/helpers:136:16)
    at Object.<anonymous> (C:\Users\hp\Desktop\RetailStore\backend\src\prisma\master-prisma.service.ts:2:1)
    at Module._compile (node:internal/modules/cjs/loader:1562:14)
    at Object..js (node:internal/modules/cjs/loader:1699:10)
    at Module.load (node:internal/modules/cjs/loader:1313:32) {
  code: 'MODULE_NOT_FOUND',
  requireStack: [
    'C:\\Users\\hp\\Desktop\\RetailStore\\backend\\dist\\src\\prisma\\master-prisma.service.js',
    'C:\\Users\\hp\\Desktop\\RetailStore\\backend\\dist\\src\\prisma\\prisma.module.js',
    'C:\\Users\\hp\\Desktop\\RetailStore\\backend\\dist\\src\\app.module.js',
    'C:\\Users\\hp\\Desktop\\RetailStore\\backend\\dist\\src\\main.js'
  ]
}

Node.js v22.13.1
[2J[3J[H[[90m2:54:37 AM[0m] File change detected. Starting incremental compilation...

[[90m2:54:48 AM[0m] Found 0 errors. Watching for file changes.

node:internal/modules/cjs/loader:1247
  throw err;
  ^

Error: Cannot find module '../generated/master-client'
Require stack:
- C:\Users\hp\Desktop\RetailStore\backend\dist\src\prisma\master-prisma.service.js
- C:\Users\hp\Desktop\RetailStore\backend\dist\src\prisma\prisma.module.js
- C:\Users\hp\Desktop\RetailStore\backend\dist\src\app.module.js
- C:\Users\hp\Desktop\RetailStore\backend\dist\src\main.js
    at Function._resolveFilename (node:internal/modules/cjs/loader:1244:15)
    at Function._load (node:internal/modules/cjs/loader:1070:27)
    at TracingChannel.traceSync (node:diagnostics_channel:322:14)
    at wrapModuleLoad (node:internal/modules/cjs/loader:217:24)
    at Module.require (node:internal/modules/cjs/loader:1335:12)
    at require (node:internal/modules/helpers:136:16)
    at Object.<anonymous> (C:\Users\hp\Desktop\RetailStore\backend\src\prisma\master-prisma.service.ts:2:1)
    at Module._compile (node:internal/modules/cjs/loader:1562:14)
    at Object..js (node:internal/modules/cjs/loader:1699:10)
    at Module.load (node:internal/modules/cjs/loader:1313:32) {
  code: 'MODULE_NOT_FOUND',
  requireStack: [
    'C:\\Users\\hp\\Desktop\\RetailStore\\backend\\dist\\src\\prisma\\master-prisma.service.js',
    'C:\\Users\\hp\\Desktop\\RetailStore\\backend\\dist\\src\\prisma\\prisma.module.js',
    'C:\\Users\\hp\\Desktop\\RetailStore\\backend\\dist\\src\\app.module.js',
    'C:\\Users\\hp\\Desktop\\RetailStore\\backend\\dist\\src\\main.js'
  ]
}

Node.js v22.13.1
[2J[3J[H[[90m2:55:17 AM[0m] File change detected. Starting incremental compilation...

[96msrc/invoice/invoice.service.ts[0m:[93m388[0m:[93m29[0m - [91merror[0m[90m TS1005: [0m',' expected.

[7m388[0m                         type: "text",
[7m   [0m [91m                            ~[0m

[96msrc/invoice/invoice.service.ts[0m:[93m389[0m:[93m29[0m - [91merror[0m[90m TS1005: [0m',' expected.

[7m389[0m                         text: `Analyze this invoice TEXT and extract the following fields in JSON format.
[7m   [0m [91m                            ~[0m

[96msrc/invoice/invoice.service.ts[0m:[93m408[0m:[93m25[0m - [91merror[0m[90m TS1005: [0m',' expected.

[7m408[0m                         }
[7m   [0m [91m                        ~[0m

[96msrc/invoice/invoice.service.ts[0m:[93m409[0m:[93m21[0m - [91merror[0m[90m TS1128: [0mDeclaration or statement expected.

[7m409[0m                     ];
[7m   [0m [91m                    ~[0m

[96msrc/invoice/invoice.service.ts[0m:[93m411[0m:[93m11[0m - [91merror[0m[90m TS1472: [0m'catch' or 'finally' expected.

[7m411[0m         } else {
[7m   [0m [91m          ~~~~[0m

[96msrc/invoice/invoice.service.ts[0m:[93m490[0m:[93m5[0m - [91merror[0m[90m TS1128: [0mDeclaration or statement expected.

[7m490[0m     private getMockInvoiceData() {
[7m   [0m [91m    ~~~~~~~[0m

[96msrc/invoice/invoice.service.ts[0m:[93m490[0m:[93m34[0m - [91merror[0m[90m TS1005: [0m';' expected.

[7m490[0m     private getMockInvoiceData() {
[7m   [0m [91m                                 ~[0m

[96msrc/invoice/invoice.service.ts[0m:[93m516[0m:[93m1[0m - [91merror[0m[90m TS1128: [0mDeclaration or statement expected.

[7m516[0m }
[7m   [0m [91m~[0m

[[90m2:55:34 AM[0m] Found 8 errors. Watching for file changes.

[2J[3J[H[[90m2:57:32 AM[0m] File change detected. Starting incremental compilation...

[[90m2:58:05 AM[0m] Found 0 errors. Watching for file changes.

node:internal/modules/cjs/loader:1247
  throw err;
  ^

Error: Cannot find module '../generated/master-client'
Require stack:
- C:\Users\hp\Desktop\RetailStore\backend\dist\src\prisma\master-prisma.service.js
- C:\Users\hp\Desktop\RetailStore\backend\dist\src\prisma\prisma.module.js
- C:\Users\hp\Desktop\RetailStore\backend\dist\src\app.module.js
- C:\Users\hp\Desktop\RetailStore\backend\dist\src\main.js
    at Function._resolveFilename (node:internal/modules/cjs/loader:1244:15)
    at Function._load (node:internal/modules/cjs/loader:1070:27)
    at TracingChannel.traceSync (node:diagnostics_channel:322:14)
    at wrapModuleLoad (node:internal/modules/cjs/loader:217:24)
    at Module.require (node:internal/modules/cjs/loader:1335:12)
    at require (node:internal/modules/helpers:136:16)
    at Object.<anonymous> (C:\Users\hp\Desktop\RetailStore\backend\src\prisma\master-prisma.service.ts:2:1)
    at Module._compile (node:internal/modules/cjs/loader:1562:14)
    at Object..js (node:internal/modules/cjs/loader:1699:10)
    at Module.load (node:internal/modules/cjs/loader:1313:32) {
  code: 'MODULE_NOT_FOUND',
  requireStack: [
    'C:\\Users\\hp\\Desktop\\RetailStore\\backend\\dist\\src\\prisma\\master-prisma.service.js',
    'C:\\Users\\hp\\Desktop\\RetailStore\\backend\\dist\\src\\prisma\\prisma.module.js',
    'C:\\Users\\hp\\Desktop\\RetailStore\\backend\\dist\\src\\app.module.js',
    'C:\\Users\\hp\\Desktop\\RetailStore\\backend\\dist\\src\\main.js'
  ]
}

Node.js v22.13.1
[2J[3J[H[[90m3:04:22 AM[0m] File change detected. Starting incremental compilation...

[[90m3:04:48 AM[0m] Found 0 errors. Watching for file changes.

node:internal/modules/cjs/loader:1247
  throw err;
  ^

Error: Cannot find module '../generated/master-client'
Require stack:
- C:\Users\hp\Desktop\RetailStore\backend\dist\src\prisma\master-prisma.service.js
- C:\Users\hp\Desktop\RetailStore\backend\dist\src\prisma\prisma.module.js
- C:\Users\hp\Desktop\RetailStore\backend\dist\src\app.module.js
- C:\Users\hp\Desktop\RetailStore\backend\dist\src\main.js
    at Function._resolveFilename (node:internal/modules/cjs/loader:1244:15)
    at Function._load (node:internal/modules/cjs/loader:1070:27)
    at TracingChannel.traceSync (node:diagnostics_channel:322:14)
    at wrapModuleLoad (node:internal/modules/cjs/loader:217:24)
    at Module.require (node:internal/modules/cjs/loader:1335:12)
    at require (node:internal/modules/helpers:136:16)
    at Object.<anonymous> (C:\Users\hp\Desktop\RetailStore\backend\src\prisma\master-prisma.service.ts:2:1)
    at Module._compile (node:internal/modules/cjs/loader:1562:14)
    at Object..js (node:internal/modules/cjs/loader:1699:10)
    at Module.load (node:internal/modules/cjs/loader:1313:32) {
  code: 'MODULE_NOT_FOUND',
  requireStack: [
    'C:\\Users\\hp\\Desktop\\RetailStore\\backend\\dist\\src\\prisma\\master-prisma.service.js',
    'C:\\Users\\hp\\Desktop\\RetailStore\\backend\\dist\\src\\prisma\\prisma.module.js',
    'C:\\Users\\hp\\Desktop\\RetailStore\\backend\\dist\\src\\app.module.js',
    'C:\\Users\\hp\\Desktop\\RetailStore\\backend\\dist\\src\\main.js'
  ]
}

Node.js v22.13.1
[2J[3J[H[[90m5:53:43 AM[0m] File change detected. Starting incremental compilation...

[[90m5:54:11 AM[0m] Found 0 errors. Watching for file changes.

[2J[3J[H[[90m5:54:13 AM[0m] File change detected. Starting incremental compilation...

node:internal/modules/cjs/loader:1247
  throw err;
  ^

Error: Cannot find module '../generated/master-client'
Require stack:
- C:\Users\hp\Desktop\RetailStore\backend\dist\src\prisma\master-prisma.service.js
- C:\Users\hp\Desktop\RetailStore\backend\dist\src\prisma\prisma.module.js
- C:\Users\hp\Desktop\RetailStore\backend\dist\src\app.module.js
- C:\Users\hp\Desktop\RetailStore\backend\dist\src\main.js
    at Function._resolveFilename (node:internal/modules/cjs/loader:1244:15)
    at Function._load (node:internal/modules/cjs/loader:1070:27)
    at TracingChannel.traceSync (node:diagnostics_channel:322:14)
    at wrapModuleLoad (node:internal/modules/cjs/loader:217:24)
    at Module.require (node:internal/modules/cjs/loader:1335:12)
    at require (node:internal/modules/helpers:136:16)
    at Object.<anonymous> (C:\Users\hp\Desktop\RetailStore\backend\src\prisma\master-prisma.service.ts:2:1)
    at Module._compile (node:internal/modules/cjs/loader:1562:14)
    at Object..js (node:internal/modules/cjs/loader:1699:10)
    at Module.load (node:internal/modules/cjs/loader:1313:32) {
  code: 'MODULE_NOT_FOUND',
  requireStack: [
    'C:\\Users\\hp\\Desktop\\RetailStore\\backend\\dist\\src\\prisma\\master-prisma.service.js',
    'C:\\Users\\hp\\Desktop\\RetailStore\\backend\\dist\\src\\prisma\\prisma.module.js',
    'C:\\Users\\hp\\Desktop\\RetailStore\\backend\\dist\\src\\app.module.js',
    'C:\\Users\\hp\\Desktop\\RetailStore\\backend\\dist\\src\\main.js'
  ]
}

Node.js v22.13.1
[[90m5:54:26 AM[0m] Found 0 errors. Watching for file changes.

[2J[3J[H[[90m5:54:26 AM[0m] File change detected. Starting incremental compilation...

node:internal/modules/cjs/loader:1247
  throw err;
  ^

Error: Cannot find module '../generated/master-client'
Require stack:
- C:\Users\hp\Desktop\RetailStore\backend\dist\src\prisma\master-prisma.service.js
- C:\Users\hp\Desktop\RetailStore\backend\dist\src\prisma\prisma.module.js
- C:\Users\hp\Desktop\RetailStore\backend\dist\src\app.module.js
- C:\Users\hp\Desktop\RetailStore\backend\dist\src\main.js
    at Function._resolveFilename (node:internal/modules/cjs/loader:1244:15)
    at Function._load (node:internal/modules/cjs/loader:1070:27)
    at TracingChannel.traceSync (node:diagnostics_channel:322:14)
    at wrapModuleLoad (node:internal/modules/cjs/loader:217:24)
    at Module.require (node:internal/modules/cjs/loader:1335:12)
    at require (node:internal/modules/helpers:136:16)
    at Object.<anonymous> (C:\Users\hp\Desktop\RetailStore\backend\src\prisma\master-prisma.service.ts:2:1)
    at Module._compile (node:internal/modules/cjs/loader:1562:14)
    at Object..js (node:internal/modules/cjs/loader:1699:10)
    at Module.load (node:internal/modules/cjs/loader:1313:32) {
  code: 'MODULE_NOT_FOUND',
  requireStack: [
    'C:\\Users\\hp\\Desktop\\RetailStore\\backend\\dist\\src\\prisma\\master-prisma.service.js',
    'C:\\Users\\hp\\Desktop\\RetailStore\\backend\\dist\\src\\prisma\\prisma.module.js',
    'C:\\Users\\hp\\Desktop\\RetailStore\\backend\\dist\\src\\app.module.js',
    'C:\\Users\\hp\\Desktop\\RetailStore\\backend\\dist\\src\\main.js'
  ]
}

Node.js v22.13.1
[[90m5:54:28 AM[0m] Found 0 errors. Watching for file changes.

node:internal/modules/cjs/loader:1247
  throw err;
  ^

Error: Cannot find module '../generated/master-client'
Require stack:
- C:\Users\hp\Desktop\RetailStore\backend\dist\src\prisma\master-prisma.service.js
- C:\Users\hp\Desktop\RetailStore\backend\dist\src\prisma\prisma.module.js
- C:\Users\hp\Desktop\RetailStore\backend\dist\src\app.module.js
- C:\Users\hp\Desktop\RetailStore\backend\dist\src\main.js
    at Function._resolveFilename (node:internal/modules/cjs/loader:1244:15)
    at Function._load (node:internal/modules/cjs/loader:1070:27)
    at TracingChannel.traceSync (node:diagnostics_channel:322:14)
    at wrapModuleLoad (node:internal/modules/cjs/loader:217:24)
    at Module.require (node:internal/modules/cjs/loader:1335:12)
    at require (node:internal/modules/helpers:136:16)
    at Object.<anonymous> (C:\Users\hp\Desktop\RetailStore\backend\src\prisma\master-prisma.service.ts:2:1)
    at Module._compile (node:internal/modules/cjs/loader:1562:14)
    at Object..js (node:internal/modules/cjs/loader:1699:10)
    at Module.load (node:internal/modules/cjs/loader:1313:32) {
  code: 'MODULE_NOT_FOUND',
  requireStack: [
    'C:\\Users\\hp\\Desktop\\RetailStore\\backend\\dist\\src\\prisma\\master-prisma.service.js',
    'C:\\Users\\hp\\Desktop\\RetailStore\\backend\\dist\\src\\prisma\\prisma.module.js',
    'C:\\Users\\hp\\Desktop\\RetailStore\\backend\\dist\\src\\app.module.js',
    'C:\\Users\\hp\\Desktop\\RetailStore\\backend\\dist\\src\\main.js'
  ]
}

Node.js v22.13.1
[2J[3J[H[[90m5:55:21 AM[0m] File change detected. Starting incremental compilation...

[[90m5:55:28 AM[0m] Found 0 errors. Watching for file changes.

node:internal/modules/cjs/loader:1247
  throw err;
  ^

Error: Cannot find module '../generated/master-client'
Require stack:
- C:\Users\hp\Desktop\RetailStore\backend\dist\src\prisma\master-prisma.service.js
- C:\Users\hp\Desktop\RetailStore\backend\dist\src\prisma\prisma.module.js
- C:\Users\hp\Desktop\RetailStore\backend\dist\src\app.module.js
- C:\Users\hp\Desktop\RetailStore\backend\dist\src\main.js
    at Function._resolveFilename (node:internal/modules/cjs/loader:1244:15)
    at Function._load (node:internal/modules/cjs/loader:1070:27)
    at TracingChannel.traceSync (node:diagnostics_channel:322:14)
    at wrapModuleLoad (node:internal/modules/cjs/loader:217:24)
    at Module.require (node:internal/modules/cjs/loader:1335:12)
    at require (node:internal/modules/helpers:136:16)
    at Object.<anonymous> (C:\Users\hp\Desktop\RetailStore\backend\src\prisma\master-prisma.service.ts:2:1)
    at Module._compile (node:internal/modules/cjs/loader:1562:14)
    at Object..js (node:internal/modules/cjs/loader:1699:10)
    at Module.load (node:internal/modules/cjs/loader:1313:32) {
  code: 'MODULE_NOT_FOUND',
  requireStack: [
    'C:\\Users\\hp\\Desktop\\RetailStore\\backend\\dist\\src\\prisma\\master-prisma.service.js',
    'C:\\Users\\hp\\Desktop\\RetailStore\\backend\\dist\\src\\prisma\\prisma.module.js',
    'C:\\Users\\hp\\Desktop\\RetailStore\\backend\\dist\\src\\app.module.js',
    'C:\\Users\\hp\\Desktop\\RetailStore\\backend\\dist\\src\\main.js'
  ]
}

Node.js v22.13.1
[2J[3J[H[[90m12:17:10 PM[0m] File change detected. Starting incremental compilation...

[[90m12:17:23 PM[0m] Found 0 errors. Watching for file changes.

[2J[3J[H[[90m12:17:24 PM[0m] File change detected. Starting incremental compilation...

node:internal/modules/cjs/loader:1247
  throw err;
  ^

Error: Cannot find module '../generated/master-client'
Require stack:
- C:\Users\hp\Desktop\RetailStore\backend\dist\src\prisma\master-prisma.service.js
- C:\Users\hp\Desktop\RetailStore\backend\dist\src\prisma\prisma.module.js
- C:\Users\hp\Desktop\RetailStore\backend\dist\src\app.module.js
- C:\Users\hp\Desktop\RetailStore\backend\dist\src\main.js
    at Function._resolveFilename (node:internal/modules/cjs/loader:1244:15)
    at Function._load (node:internal/modules/cjs/loader:1070:27)
    at TracingChannel.traceSync (node:diagnostics_channel:322:14)
    at wrapModuleLoad (node:internal/modules/cjs/loader:217:24)
    at Module.require (node:internal/modules/cjs/loader:1335:12)
    at require (node:internal/modules/helpers:136:16)
    at Object.<anonymous> (C:\Users\hp\Desktop\RetailStore\backend\src\prisma\master-prisma.service.ts:2:1)
    at Module._compile (node:internal/modules/cjs/loader:1562:14)
    at Object..js (node:internal/modules/cjs/loader:1699:10)
    at Module.load (node:internal/modules/cjs/loader:1313:32) {
  code: 'MODULE_NOT_FOUND',
  requireStack: [
    'C:\\Users\\hp\\Desktop\\RetailStore\\backend\\dist\\src\\prisma\\master-prisma.service.js',
    'C:\\Users\\hp\\Desktop\\RetailStore\\backend\\dist\\src\\prisma\\prisma.module.js',
    'C:\\Users\\hp\\Desktop\\RetailStore\\backend\\dist\\src\\app.module.js',
    'C:\\Users\\hp\\Desktop\\RetailStore\\backend\\dist\\src\\main.js'
  ]
}

Node.js v22.13.1
[[90m12:17:31 PM[0m] Found 0 errors. Watching for file changes.

[2J[3J[H[[90m12:17:33 PM[0m] File change detected. Starting incremental compilation...

node:internal/modules/cjs/loader:1247
  throw err;
  ^

Error: Cannot find module '../generated/master-client'
Require stack:
- C:\Users\hp\Desktop\RetailStore\backend\dist\src\prisma\master-prisma.service.js
- C:\Users\hp\Desktop\RetailStore\backend\dist\src\prisma\prisma.module.js
- C:\Users\hp\Desktop\RetailStore\backend\dist\src\app.module.js
- C:\Users\hp\Desktop\RetailStore\backend\dist\src\main.js
    at Function._resolveFilename (node:internal/modules/cjs/loader:1244:15)
    at Function._load (node:internal/modules/cjs/loader:1070:27)
    at TracingChannel.traceSync (node:diagnostics_channel:322:14)
    at wrapModuleLoad (node:internal/modules/cjs/loader:217:24)
    at Module.require (node:internal/modules/cjs/loader:1335:12)
    at require (node:internal/modules/helpers:136:16)
    at Object.<anonymous> (C:\Users\hp\Desktop\RetailStore\backend\src\prisma\master-prisma.service.ts:2:1)
    at Module._compile (node:internal/modules/cjs/loader:1562:14)
    at Object..js (node:internal/modules/cjs/loader:1699:10)
    at Module.load (node:internal/modules/cjs/loader:1313:32) {
  code: 'MODULE_NOT_FOUND',
  requireStack: [
    'C:\\Users\\hp\\Desktop\\RetailStore\\backend\\dist\\src\\prisma\\master-prisma.service.js',
    'C:\\Users\\hp\\Desktop\\RetailStore\\backend\\dist\\src\\prisma\\prisma.module.js',
    'C:\\Users\\hp\\Desktop\\RetailStore\\backend\\dist\\src\\app.module.js',
    'C:\\Users\\hp\\Desktop\\RetailStore\\backend\\dist\\src\\main.js'
  ]
}

Node.js v22.13.1
[[90m12:17:35 PM[0m] Found 0 errors. Watching for file changes.

node:internal/modules/cjs/loader:1247
  throw err;
  ^

Error: Cannot find module '../generated/master-client'
Require stack:
- C:\Users\hp\Desktop\RetailStore\backend\dist\src\prisma\master-prisma.service.js
- C:\Users\hp\Desktop\RetailStore\backend\dist\src\prisma\prisma.module.js
- C:\Users\hp\Desktop\RetailStore\backend\dist\src\app.module.js
- C:\Users\hp\Desktop\RetailStore\backend\dist\src\main.js
    at Function._resolveFilename (node:internal/modules/cjs/loader:1244:15)
    at Function._load (node:internal/modules/cjs/loader:1070:27)
    at TracingChannel.traceSync (node:diagnostics_channel:322:14)
    at wrapModuleLoad (node:internal/modules/cjs/loader:217:24)
    at Module.require (node:internal/modules/cjs/loader:1335:12)
    at require (node:internal/modules/helpers:136:16)
    at Object.<anonymous> (C:\Users\hp\Desktop\RetailStore\backend\src\prisma\master-prisma.service.ts:2:1)
    at Module._compile (node:internal/modules/cjs/loader:1562:14)
    at Object..js (node:internal/modules/cjs/loader:1699:10)
    at Module.load (node:internal/modules/cjs/loader:1313:32) {
  code: 'MODULE_NOT_FOUND',
  requireStack: [
    'C:\\Users\\hp\\Desktop\\RetailStore\\backend\\dist\\src\\prisma\\master-prisma.service.js',
    'C:\\Users\\hp\\Desktop\\RetailStore\\backend\\dist\\src\\prisma\\prisma.module.js',
    'C:\\Users\\hp\\Desktop\\RetailStore\\backend\\dist\\src\\app.module.js',
    'C:\\Users\\hp\\Desktop\\RetailStore\\backend\\dist\\src\\main.js'
  ]
}

Node.js v22.13.1
[2J[3J[H[[90m12:17:50 PM[0m] File change detected. Starting incremental compilation...

[[90m12:17:52 PM[0m] Found 0 errors. Watching for file changes.

node:internal/modules/cjs/loader:1247
  throw err;
  ^

Error: Cannot find module '../generated/master-client'
Require stack:
- C:\Users\hp\Desktop\RetailStore\backend\dist\src\prisma\master-prisma.service.js
- C:\Users\hp\Desktop\RetailStore\backend\dist\src\prisma\prisma.module.js
- C:\Users\hp\Desktop\RetailStore\backend\dist\src\app.module.js
- C:\Users\hp\Desktop\RetailStore\backend\dist\src\main.js
    at Function._resolveFilename (node:internal/modules/cjs/loader:1244:15)
    at Function._load (node:internal/modules/cjs/loader:1070:27)
    at TracingChannel.traceSync (node:diagnostics_channel:322:14)
    at wrapModuleLoad (node:internal/modules/cjs/loader:217:24)
    at Module.require (node:internal/modules/cjs/loader:1335:12)
    at require (node:internal/modules/helpers:136:16)
    at Object.<anonymous> (C:\Users\hp\Desktop\RetailStore\backend\src\prisma\master-prisma.service.ts:2:1)
    at Module._compile (node:internal/modules/cjs/loader:1562:14)
    at Object..js (node:internal/modules/cjs/loader:1699:10)
    at Module.load (node:internal/modules/cjs/loader:1313:32) {
  code: 'MODULE_NOT_FOUND',
  requireStack: [
    'C:\\Users\\hp\\Desktop\\RetailStore\\backend\\dist\\src\\prisma\\master-prisma.service.js',
    'C:\\Users\\hp\\Desktop\\RetailStore\\backend\\dist\\src\\prisma\\prisma.module.js',
    'C:\\Users\\hp\\Desktop\\RetailStore\\backend\\dist\\src\\app.module.js',
    'C:\\Users\\hp\\Desktop\\RetailStore\\backend\\dist\\src\\main.js'
  ]
}

Node.js v22.13.1
[2J[3J[H[[90m12:25:25 PM[0m] File change detected. Starting incremental compilation...

[[90m12:25:41 PM[0m] Found 0 errors. Watching for file changes.

[2J[3J[H[[90m12:25:43 PM[0m] File change detected. Starting incremental compilation...

node:internal/modules/cjs/loader:1247
  throw err;
  ^

Error: Cannot find module '../generated/master-client'
Require stack:
- C:\Users\hp\Desktop\RetailStore\backend\dist\src\prisma\master-prisma.service.js
- C:\Users\hp\Desktop\RetailStore\backend\dist\src\prisma\prisma.module.js
- C:\Users\hp\Desktop\RetailStore\backend\dist\src\app.module.js
- C:\Users\hp\Desktop\RetailStore\backend\dist\src\main.js
    at Function._resolveFilename (node:internal/modules/cjs/loader:1244:15)
    at Function._load (node:internal/modules/cjs/loader:1070:27)
    at TracingChannel.traceSync (node:diagnostics_channel:322:14)
    at wrapModuleLoad (node:internal/modules/cjs/loader:217:24)
    at Module.require (node:internal/modules/cjs/loader:1335:12)
    at require (node:internal/modules/helpers:136:16)
    at Object.<anonymous> (C:\Users\hp\Desktop\RetailStore\backend\src\prisma\master-prisma.service.ts:2:1)
    at Module._compile (node:internal/modules/cjs/loader:1562:14)
    at Object..js (node:internal/modules/cjs/loader:1699:10)
    at Module.load (node:internal/modules/cjs/loader:1313:32) {
  code: 'MODULE_NOT_FOUND',
  requireStack: [
    'C:\\Users\\hp\\Desktop\\RetailStore\\backend\\dist\\src\\prisma\\master-prisma.service.js',
    'C:\\Users\\hp\\Desktop\\RetailStore\\backend\\dist\\src\\prisma\\prisma.module.js',
    'C:\\Users\\hp\\Desktop\\RetailStore\\backend\\dist\\src\\app.module.js',
    'C:\\Users\\hp\\Desktop\\RetailStore\\backend\\dist\\src\\main.js'
  ]
}

Node.js v22.13.1
[[90m12:25:56 PM[0m] Found 0 errors. Watching for file changes.

node:internal/modules/cjs/loader:1247
  throw err;
  ^

Error: Cannot find module '../generated/master-client'
Require stack:
- C:\Users\hp\Desktop\RetailStore\backend\dist\src\prisma\master-prisma.service.js
- C:\Users\hp\Desktop\RetailStore\backend\dist\src\prisma\prisma.module.js
- C:\Users\hp\Desktop\RetailStore\backend\dist\src\app.module.js
- C:\Users\hp\Desktop\RetailStore\backend\dist\src\main.js
    at Function._resolveFilename (node:internal/modules/cjs/loader:1244:15)
    at Function._load (node:internal/modules/cjs/loader:1070:27)
    at TracingChannel.traceSync (node:diagnostics_channel:322:14)
    at wrapModuleLoad (node:internal/modules/cjs/loader:217:24)
    at Module.require (node:internal/modules/cjs/loader:1335:12)
    at require (node:internal/modules/helpers:136:16)
    at Object.<anonymous> (C:\Users\hp\Desktop\RetailStore\backend\src\prisma\master-prisma.service.ts:2:1)
    at Module._compile (node:internal/modules/cjs/loader:1562:14)
    at Object..js (node:internal/modules/cjs/loader:1699:10)
    at Module.load (node:internal/modules/cjs/loader:1313:32) {
  code: 'MODULE_NOT_FOUND',
  requireStack: [
    'C:\\Users\\hp\\Desktop\\RetailStore\\backend\\dist\\src\\prisma\\master-prisma.service.js',
    'C:\\Users\\hp\\Desktop\\RetailStore\\backend\\dist\\src\\prisma\\prisma.module.js',
    'C:\\Users\\hp\\Desktop\\RetailStore\\backend\\dist\\src\\app.module.js',
    'C:\\Users\\hp\\Desktop\\RetailStore\\backend\\dist\\src\\main.js'
  ]
}

Node.js v22.13.1
[2J[3J[H[[90m12:26:04 PM[0m] File change detected. Starting incremental compilation...

[[90m12:26:13 PM[0m] Found 0 errors. Watching for file changes.

[2J[3J[H[[90m12:26:17 PM[0m] File change detected. Starting incremental compilation...

node:internal/modules/cjs/loader:1247
  throw err;
  ^

Error: Cannot find module '../generated/master-client'
Require stack:
- C:\Users\hp\Desktop\RetailStore\backend\dist\src\prisma\master-prisma.service.js
- C:\Users\hp\Desktop\RetailStore\backend\dist\src\prisma\prisma.module.js
- C:\Users\hp\Desktop\RetailStore\backend\dist\src\app.module.js
- C:\Users\hp\Desktop\RetailStore\backend\dist\src\main.js
    at Function._resolveFilename (node:internal/modules/cjs/loader:1244:15)
    at Function._load (node:internal/modules/cjs/loader:1070:27)
    at TracingChannel.traceSync (node:diagnostics_channel:322:14)
    at wrapModuleLoad (node:internal/modules/cjs/loader:217:24)
    at Module.require (node:internal/modules/cjs/loader:1335:12)
    at require (node:internal/modules/helpers:136:16)
    at Object.<anonymous> (C:\Users\hp\Desktop\RetailStore\backend\src\prisma\master-prisma.service.ts:2:1)
    at Module._compile (node:internal/modules/cjs/loader:1562:14)
    at Object..js (node:internal/modules/cjs/loader:1699:10)
    at Module.load (node:internal/modules/cjs/loader:1313:32) {
  code: 'MODULE_NOT_FOUND',
  requireStack: [
    'C:\\Users\\hp\\Desktop\\RetailStore\\backend\\dist\\src\\prisma\\master-prisma.service.js',
    'C:\\Users\\hp\\Desktop\\RetailStore\\backend\\dist\\src\\prisma\\prisma.module.js',
    'C:\\Users\\hp\\Desktop\\RetailStore\\backend\\dist\\src\\app.module.js',
    'C:\\Users\\hp\\Desktop\\RetailStore\\backend\\dist\\src\\main.js'
  ]
}

Node.js v22.13.1
[[90m12:26:23 PM[0m] Found 0 errors. Watching for file changes.

node:internal/modules/cjs/loader:1247
  throw err;
  ^

Error: Cannot find module '../generated/master-client'
Require stack:
- C:\Users\hp\Desktop\RetailStore\backend\dist\src\prisma\master-prisma.service.js
- C:\Users\hp\Desktop\RetailStore\backend\dist\src\prisma\prisma.module.js
- C:\Users\hp\Desktop\RetailStore\backend\dist\src\app.module.js
- C:\Users\hp\Desktop\RetailStore\backend\dist\src\main.js
    at Function._resolveFilename (node:internal/modules/cjs/loader:1244:15)
    at Function._load (node:internal/modules/cjs/loader:1070:27)
    at TracingChannel.traceSync (node:diagnostics_channel:322:14)
    at wrapModuleLoad (node:internal/modules/cjs/loader:217:24)
    at Module.require (node:internal/modules/cjs/loader:1335:12)
    at require (node:internal/modules/helpers:136:16)
    at Object.<anonymous> (C:\Users\hp\Desktop\RetailStore\backend\src\prisma\master-prisma.service.ts:2:1)
    at Module._compile (node:internal/modules/cjs/loader:1562:14)
    at Object..js (node:internal/modules/cjs/loader:1699:10)
    at Module.load (node:internal/modules/cjs/loader:1313:32) {
  code: 'MODULE_NOT_FOUND',
  requireStack: [
    'C:\\Users\\hp\\Desktop\\RetailStore\\backend\\dist\\src\\prisma\\master-prisma.service.js',
    'C:\\Users\\hp\\Desktop\\RetailStore\\backend\\dist\\src\\prisma\\prisma.module.js',
    'C:\\Users\\hp\\Desktop\\RetailStore\\backend\\dist\\src\\app.module.js',
    'C:\\Users\\hp\\Desktop\\RetailStore\\backend\\dist\\src\\main.js'
  ]
}

Node.js v22.13.1
[2J[3J[H[[90m12:26:32 PM[0m] File change detected. Starting incremental compilation...

[[90m12:26:42 PM[0m] Found 0 errors. Watching for file changes.

node:internal/modules/cjs/loader:1247
  throw err;
  ^

Error: Cannot find module '../generated/master-client'
Require stack:
- C:\Users\hp\Desktop\RetailStore\backend\dist\src\prisma\master-prisma.service.js
- C:\Users\hp\Desktop\RetailStore\backend\dist\src\prisma\prisma.module.js
- C:\Users\hp\Desktop\RetailStore\backend\dist\src\app.module.js
- C:\Users\hp\Desktop\RetailStore\backend\dist\src\main.js
    at Function._resolveFilename (node:internal/modules/cjs/loader:1244:15)
    at Function._load (node:internal/modules/cjs/loader:1070:27)
    at TracingChannel.traceSync (node:diagnostics_channel:322:14)
    at wrapModuleLoad (node:internal/modules/cjs/loader:217:24)
    at Module.require (node:internal/modules/cjs/loader:1335:12)
    at require (node:internal/modules/helpers:136:16)
    at Object.<anonymous> (C:\Users\hp\Desktop\RetailStore\backend\src\prisma\master-prisma.service.ts:2:1)
    at Module._compile (node:internal/modules/cjs/loader:1562:14)
    at Object..js (node:internal/modules/cjs/loader:1699:10)
    at Module.load (node:internal/modules/cjs/loader:1313:32) {
  code: 'MODULE_NOT_FOUND',
  requireStack: [
    'C:\\Users\\hp\\Desktop\\RetailStore\\backend\\dist\\src\\prisma\\master-prisma.service.js',
    'C:\\Users\\hp\\Desktop\\RetailStore\\backend\\dist\\src\\prisma\\prisma.module.js',
    'C:\\Users\\hp\\Desktop\\RetailStore\\backend\\dist\\src\\app.module.js',
    'C:\\Users\\hp\\Desktop\\RetailStore\\backend\\dist\\src\\main.js'
  ]
}

Node.js v22.13.1
[2J[3J[H[[90m12:27:06 PM[0m] File change detected. Starting incremental compilation...

[[90m12:27:16 PM[0m] Found 0 errors. Watching for file changes.

node:internal/modules/cjs/loader:1247
  throw err;
  ^

Error: Cannot find module '../generated/master-client'
Require stack:
- C:\Users\hp\Desktop\RetailStore\backend\dist\src\prisma\master-prisma.service.js
- C:\Users\hp\Desktop\RetailStore\backend\dist\src\prisma\prisma.module.js
- C:\Users\hp\Desktop\RetailStore\backend\dist\src\app.module.js
- C:\Users\hp\Desktop\RetailStore\backend\dist\src\main.js
    at Function._resolveFilename (node:internal/modules/cjs/loader:1244:15)
    at Function._load (node:internal/modules/cjs/loader:1070:27)
    at TracingChannel.traceSync (node:diagnostics_channel:322:14)
    at wrapModuleLoad (node:internal/modules/cjs/loader:217:24)
    at Module.require (node:internal/modules/cjs/loader:1335:12)
    at require (node:internal/modules/helpers:136:16)
    at Object.<anonymous> (C:\Users\hp\Desktop\RetailStore\backend\src\prisma\master-prisma.service.ts:2:1)
    at Module._compile (node:internal/modules/cjs/loader:1562:14)
    at Object..js (node:internal/modules/cjs/loader:1699:10)
    at Module.load (node:internal/modules/cjs/loader:1313:32) {
  code: 'MODULE_NOT_FOUND',
  requireStack: [
    'C:\\Users\\hp\\Desktop\\RetailStore\\backend\\dist\\src\\prisma\\master-prisma.service.js',
    'C:\\Users\\hp\\Desktop\\RetailStore\\backend\\dist\\src\\prisma\\prisma.module.js',
    'C:\\Users\\hp\\Desktop\\RetailStore\\backend\\dist\\src\\app.module.js',
    'C:\\Users\\hp\\Desktop\\RetailStore\\backend\\dist\\src\\main.js'
  ]
}

Node.js v22.13.1
[2J[3J[H[[90m12:27:21 PM[0m] File change detected. Starting incremental compilation...

[[90m12:27:25 PM[0m] Found 0 errors. Watching for file changes.

node:internal/modules/cjs/loader:1247
  throw err;
  ^

Error: Cannot find module '../generated/master-client'
Require stack:
- C:\Users\hp\Desktop\RetailStore\backend\dist\src\prisma\master-prisma.service.js
- C:\Users\hp\Desktop\RetailStore\backend\dist\src\prisma\prisma.module.js
- C:\Users\hp\Desktop\RetailStore\backend\dist\src\app.module.js
- C:\Users\hp\Desktop\RetailStore\backend\dist\src\main.js
    at Function._resolveFilename (node:internal/modules/cjs/loader:1244:15)
    at Function._load (node:internal/modules/cjs/loader:1070:27)
    at TracingChannel.traceSync (node:diagnostics_channel:322:14)
    at wrapModuleLoad (node:internal/modules/cjs/loader:217:24)
    at Module.require (node:internal/modules/cjs/loader:1335:12)
    at require (node:internal/modules/helpers:136:16)
    at Object.<anonymous> (C:\Users\hp\Desktop\RetailStore\backend\src\prisma\master-prisma.service.ts:2:1)
    at Module._compile (node:internal/modules/cjs/loader:1562:14)
    at Object..js (node:internal/modules/cjs/loader:1699:10)
    at Module.load (node:internal/modules/cjs/loader:1313:32) {
  code: 'MODULE_NOT_FOUND',
  requireStack: [
    'C:\\Users\\hp\\Desktop\\RetailStore\\backend\\dist\\src\\prisma\\master-prisma.service.js',
    'C:\\Users\\hp\\Desktop\\RetailStore\\backend\\dist\\src\\prisma\\prisma.module.js',
    'C:\\Users\\hp\\Desktop\\RetailStore\\backend\\dist\\src\\app.module.js',
    'C:\\Users\\hp\\Desktop\\RetailStore\\backend\\dist\\src\\main.js'
  ]
}

Node.js v22.13.1
